17:05:11.881 [main] INFO  api.test.UserTests - **** Creating User *******
17:05:16.503 [main] INFO  api.test.UserTests - **** User is created  *******
17:05:16.537 [main] INFO  api.test.UserTests - **** getting User *******
17:05:17.686 [main] INFO  api.test.UserTests - **** we get the User *******
17:05:17.700 [main] INFO  api.test.UserTests - **** Updating User *******
17:05:20.052 [main] INFO  api.test.UserTests - ****  User is Updated *******
17:05:20.077 [main] INFO  api.test.UserTests - **** Deleting User *******
17:05:21.340 [main] INFO  api.test.UserTests - ****  User is Deleted *******
17:06:34.056 [main] INFO  api.test.UserTests - **** Creating User *******
17:06:40.408 [main] INFO  api.test.UserTests - **** User is created  *******
17:06:40.453 [main] INFO  api.test.UserTests - **** getting User *******
17:06:41.691 [main] INFO  api.test.UserTests - **** we get the User *******
17:06:41.699 [main] INFO  api.test.UserTests - **** Updating User *******
17:06:44.123 [main] INFO  api.test.UserTests - ****  User is Updated *******
17:06:44.134 [main] INFO  api.test.UserTests - **** Deleting User *******
17:06:45.323 [main] INFO  api.test.UserTests - ****  User is Deleted *******
17:36:35.818 [main] INFO  api.test.UserTests2 - **** Creating User *******
17:36:40.897 [main] INFO  api.test.UserTests2 - **** User is created  *******
17:36:40.949 [main] INFO  api.test.UserTests2 - **** getting User *******
17:36:42.168 [main] INFO  api.test.UserTests2 - **** we get the User *******
17:36:42.200 [main] INFO  api.test.UserTests2 - **** Updating User *******
17:36:44.596 [main] INFO  api.test.UserTests2 - ****  User is Updated *******
17:36:44.614 [main] INFO  api.test.UserTests2 - **** Deleting User *******
17:36:45.813 [main] INFO  api.test.UserTests2 - ****  User is Deleted *******
19:47:22.435 [main] INFO  api.test.UserTests2 - **** Creating User *******
19:47:28.335 [main] INFO  api.test.UserTests2 - **** User is created  *******
19:47:28.361 [main] INFO  api.test.UserTests2 - **** getting User *******
19:47:29.599 [main] INFO  api.test.UserTests2 - **** Updating User *******
19:47:31.995 [main] INFO  api.test.UserTests2 - ****  User is Updated *******
19:47:32.005 [main] INFO  api.test.UserTests2 - **** Deleting User *******
19:47:33.212 [main] INFO  api.test.UserTests2 - ****  User is Deleted *******
19:50:39.351 [main] INFO  api.test.UserTests2 - **** Creating User *******
19:50:44.223 [main] INFO  api.test.UserTests2 - **** User is created  *******
19:50:44.255 [main] INFO  api.test.UserTests2 - **** getting User *******
19:50:45.476 [main] INFO  api.test.UserTests2 - **** we get the User *******
19:50:45.495 [main] INFO  api.test.UserTests2 - **** Updating User *******
19:50:47.823 [main] INFO  api.test.UserTests2 - ****  User is Updated *******
19:50:47.845 [main] INFO  api.test.UserTests2 - **** Deleting User *******
19:50:49.140 [main] INFO  api.test.UserTests2 - ****  User is Deleted *******
19:51:20.054 [main] INFO  api.test.UserTests2 - **** Creating User *******
19:51:24.797 [main] INFO  api.test.UserTests2 - **** User is created  *******
19:51:24.842 [main] INFO  api.test.UserTests2 - **** getting User *******
19:51:26.102 [main] INFO  api.test.UserTests2 - **** we get the User *******
19:51:26.128 [main] INFO  api.test.UserTests2 - **** Updating User *******
19:51:28.735 [main] INFO  api.test.UserTests2 - ****  User is Updated *******
19:51:28.759 [main] INFO  api.test.UserTests2 - **** Deleting User *******
19:51:29.962 [main] INFO  api.test.UserTests2 - ****  User is Deleted *******
19:52:05.153 [main] INFO  api.test.UserTests2 - **** Creating User *******
19:52:09.716 [main] INFO  api.test.UserTests2 - **** User is created  *******
19:52:09.745 [main] INFO  api.test.UserTests2 - **** getting User *******
19:52:10.930 [main] INFO  api.test.UserTests2 - **** we get the User *******
19:52:10.940 [main] INFO  api.test.UserTests2 - **** Updating User *******
19:52:13.244 [main] INFO  api.test.UserTests2 - ****  User is Updated *******
19:52:13.251 [main] INFO  api.test.UserTests2 - **** Deleting User *******
19:52:14.377 [main] INFO  api.test.UserTests2 - ****  User is Deleted *******
22:37:32.225 [main] INFO  api.test.UserTests2 - **** Creating User *******
22:37:37.112 [main] INFO  api.test.UserTests2 - **** User is created  *******
22:37:37.136 [main] INFO  api.test.UserTests2 - **** getting User *******
22:37:38.384 [main] INFO  api.test.UserTests2 - **** Updating User *******
22:37:40.705 [main] INFO  api.test.UserTests2 - ****  User is Updated *******
22:37:40.715 [main] INFO  api.test.UserTests2 - **** Deleting User *******
22:37:41.878 [main] INFO  api.test.UserTests2 - ****  User is Deleted *******
22:38:25.406 [main] INFO  api.test.UserTests2 - **** Creating User *******
22:38:30.022 [main] INFO  api.test.UserTests2 - **** User is created  *******
22:38:30.051 [main] INFO  api.test.UserTests2 - **** getting User *******
22:38:31.300 [main] INFO  api.test.UserTests2 - **** Updating User *******
22:38:33.649 [main] INFO  api.test.UserTests2 - ****  User is Updated *******
22:38:33.655 [main] INFO  api.test.UserTests2 - **** Deleting User *******
22:39:11.742 [main] INFO  api.test.UserTests2 - **** Creating User *******
22:39:16.297 [main] INFO  api.test.UserTests2 - **** User is created  *******
22:39:16.318 [main] INFO  api.test.UserTests2 - **** getting User *******
22:39:17.534 [main] INFO  api.test.UserTests2 - **** Updating User *******
22:39:19.853 [main] INFO  api.test.UserTests2 - **** Deleting User *******
22:39:21.001 [main] INFO  api.test.UserTests2 - ****  User is Deleted *******
22:39:40.797 [main] INFO  api.test.UserTests2 - **** Creating User *******
22:39:45.611 [main] INFO  api.test.UserTests2 - **** User is created  *******
22:39:45.645 [main] INFO  api.test.UserTests2 - **** getting User *******
22:39:46.868 [main] INFO  api.test.UserTests2 - **** we get the User *******
22:39:46.889 [main] INFO  api.test.UserTests2 - **** Updating User *******
22:39:49.405 [main] INFO  api.test.UserTests2 - **** Deleting User *******
22:39:50.556 [main] INFO  api.test.UserTests2 - ****  User is Deleted *******
22:40:08.344 [main] INFO  api.test.UserTests2 - **** Creating User *******
22:40:16.657 [main] INFO  api.test.UserTests2 - **** User is created  *******
22:40:16.687 [main] INFO  api.test.UserTests2 - **** getting User *******
22:40:17.967 [main] INFO  api.test.UserTests2 - **** Updating User *******
22:40:20.269 [main] INFO  api.test.UserTests2 - ****  User is Updated *******
22:40:20.282 [main] INFO  api.test.UserTests2 - **** Deleting User *******
22:40:41.331 [main] INFO  api.test.UserTests2 - **** Creating User *******
22:40:46.199 [main] INFO  api.test.UserTests2 - **** User is created  *******
22:40:46.238 [main] INFO  api.test.UserTests2 - **** getting User *******
22:40:47.451 [main] INFO  api.test.UserTests2 - **** Updating User *******
22:40:49.817 [main] INFO  api.test.UserTests2 - ****  User is Updated *******
22:40:49.833 [main] INFO  api.test.UserTests2 - **** Deleting User *******
22:40:51.013 [main] INFO  api.test.UserTests2 - ****  User is Deleted *******
22:41:04.444 [main] INFO  api.test.UserTests2 - **** Creating User *******
22:41:12.539 [main] INFO  api.test.UserTests2 - **** User is created  *******
22:41:12.577 [main] INFO  api.test.UserTests2 - **** getting User *******
22:41:13.873 [main] INFO  api.test.UserTests2 - **** Updating User *******
22:41:16.372 [main] INFO  api.test.UserTests2 - **** Deleting User *******
22:41:17.515 [main] INFO  api.test.UserTests2 - ****  User is Deleted *******
22:42:15.406 [main] INFO  api.test.UserTests2 - **** getting User *******
22:42:32.691 [main] INFO  api.test.UserTests2 - **** Creating User *******
22:42:37.443 [main] INFO  api.test.UserTests2 - **** User is created  *******
22:42:43.714 [main] INFO  api.test.UserTests2 - **** getting User *******
22:54:33.250 [main] INFO  api.test.UserTests2 - **** Creating User *******
22:54:39.150 [main] INFO  api.test.UserTests2 - **** User is created  *******
22:54:39.165 [main] INFO  api.test.UserTests2 - **** getting User *******
22:54:40.526 [main] INFO  api.test.UserTests2 - **** Updating User *******
22:54:42.887 [main] INFO  api.test.UserTests2 - **** Deleting User *******
22:54:56.748 [main] INFO  api.test.UserTests2 - **** Creating User *******
22:55:01.366 [main] INFO  api.test.UserTests2 - **** User is created  *******
22:55:01.380 [main] INFO  api.test.UserTests2 - **** getting User *******
22:55:02.721 [main] INFO  api.test.UserTests2 - **** we get the User *******
22:55:02.737 [main] INFO  api.test.UserTests2 - **** Updating User *******
22:55:05.114 [main] INFO  api.test.UserTests2 - ****  User is Updated *******
22:55:05.128 [main] INFO  api.test.UserTests2 - **** Deleting User *******
22:55:06.295 [main] INFO  api.test.UserTests2 - ****  User is Deleted *******
22:55:28.750 [main] INFO  api.test.UserTests2 - **** Creating User *******
22:55:33.392 [main] INFO  api.test.UserTests2 - **** User is created  *******
22:55:33.414 [main] INFO  api.test.UserTests2 - **** getting User *******
22:55:34.690 [main] INFO  api.test.UserTests2 - **** Updating User *******
22:55:37.057 [main] INFO  api.test.UserTests2 - ****  User is Updated *******
22:55:37.067 [main] INFO  api.test.UserTests2 - **** Deleting User *******
22:55:58.870 [main] INFO  api.test.UserTests2 - **** Creating User *******
22:56:03.391 [main] INFO  api.test.UserTests2 - **** User is created  *******
22:56:03.422 [main] INFO  api.test.UserTests2 - **** getting User *******
22:56:04.693 [main] INFO  api.test.UserTests2 - **** Updating User *******
22:56:07.024 [main] INFO  api.test.UserTests2 - **** Deleting User *******
22:56:08.257 [main] INFO  api.test.UserTests2 - ****  User is Deleted *******
22:56:26.876 [main] INFO  api.test.UserTests2 - **** Creating User *******
22:56:31.410 [main] INFO  api.test.UserTests2 - **** User is created  *******
22:56:31.433 [main] INFO  api.test.UserTests2 - **** getting User *******
22:56:32.691 [main] INFO  api.test.UserTests2 - **** Updating User *******
22:56:34.958 [main] INFO  api.test.UserTests2 - ****  User is Updated *******
22:56:34.968 [main] INFO  api.test.UserTests2 - **** Deleting User *******
22:56:36.196 [main] INFO  api.test.UserTests2 - ****  User is Deleted *******
22:56:56.822 [main] INFO  api.test.UserTests2 - **** Creating User *******
22:57:02.689 [main] INFO  api.test.UserTests2 - **** User is created  *******
22:57:02.716 [main] INFO  api.test.UserTests2 - **** getting User *******
22:57:03.956 [main] INFO  api.test.UserTests2 - **** Updating User *******
22:57:06.304 [main] INFO  api.test.UserTests2 - ****  User is Updated *******
22:57:06.314 [main] INFO  api.test.UserTests2 - **** Deleting User *******
22:57:07.468 [main] INFO  api.test.UserTests2 - ****  User is Deleted *******
22:57:36.742 [main] INFO  api.test.UserTests2 - **** Creating User *******
22:57:41.828 [main] INFO  api.test.UserTests2 - **** User is created  *******
22:57:41.849 [main] INFO  api.test.UserTests2 - **** getting User *******
22:57:43.049 [main] INFO  api.test.UserTests2 - **** we get the User *******
22:57:43.059 [main] INFO  api.test.UserTests2 - **** Updating User *******
22:57:45.530 [main] INFO  api.test.UserTests2 - ****  User is Updated *******
22:57:45.539 [main] INFO  api.test.UserTests2 - **** Deleting User *******
22:57:46.688 [main] INFO  api.test.UserTests2 - ****  User is Deleted *******
10:07:54.343 [main] INFO  api.test.UserTests2 - **** Creating User *******
10:07:59.022 [main] INFO  api.test.UserTests2 - **** User is created  *******
10:07:59.059 [main] INFO  api.test.UserTests2 - **** getting User *******
10:08:00.310 [main] INFO  api.test.UserTests2 - **** Updating User *******
10:08:02.680 [main] INFO  api.test.UserTests2 - **** Deleting User *******
10:09:11.924 [main] INFO  api.test.UserTests2 - **** Creating User *******
10:09:17.450 [main] INFO  api.test.UserTests2 - **** User is created  *******
10:09:17.482 [main] INFO  api.test.UserTests2 - **** getting User *******
10:09:18.751 [main] INFO  api.test.UserTests2 - **** we get the User *******
10:09:18.772 [main] INFO  api.test.UserTests2 - **** Updating User *******
10:09:21.200 [main] INFO  api.test.UserTests2 - **** Deleting User *******
11:32:09.253 [main] INFO  api.test.UserTests2 - **** Creating User *******
11:32:13.949 [main] INFO  api.test.UserTests2 - **** User is created  *******
11:32:14.055 [main] INFO  api.test.UserTests2 - **** getting User *******
11:32:15.323 [main] INFO  api.test.UserTests2 - **** Updating User *******
11:32:17.725 [main] INFO  api.test.UserTests2 - ****  User is Updated *******
11:32:17.794 [main] INFO  api.test.UserTests2 - **** Deleting User *******
11:32:30.001 [main] INFO  api.test.UserTests2 - **** Creating User *******
11:32:35.116 [main] INFO  api.test.UserTests2 - **** User is created  *******
11:32:35.220 [main] INFO  api.test.UserTests2 - **** getting User *******
11:32:36.521 [main] INFO  api.test.UserTests2 - **** Updating User *******
11:32:38.829 [main] INFO  api.test.UserTests2 - ****  User is Updated *******
11:32:38.917 [main] INFO  api.test.UserTests2 - **** Deleting User *******
11:35:25.891 [main] INFO  api.test.UserTests2 - **** Creating User *******
11:35:32.921 [main] INFO  api.test.UserTests2 - **** User is created  *******
11:35:32.946 [main] INFO  api.test.UserTests2 - **** getting User *******
11:35:34.215 [main] INFO  api.test.UserTests2 - **** Updating User *******
11:35:36.562 [main] INFO  api.test.UserTests2 - ****  User is Updated *******
11:35:36.569 [main] INFO  api.test.UserTests2 - **** Deleting User *******
